==========================================
SLURM_CLUSTER_NAME = paramutkarsh
SLURM_ARRAY_JOB_ID = 
SLURM_ARRAY_TASK_ID = 
SLURM_ARRAY_TASK_COUNT = 
SLURM_ARRAY_TASK_MAX = 
SLURM_ARRAY_TASK_MIN = 
SLURM_JOB_ACCOUNT = nsmexternal
SLURM_JOB_ID = 154462
SLURM_JOB_NAME = test-sleep.slurm
SLURM_JOB_NODELIST = hm007
SLURM_JOB_USER = c-huk27
SLURM_JOB_UID = 21894
SLURM_JOB_PARTITION = standard
SLURM_TASK_PID = 34518
SLURM_SUBMIT_DIR = /home/c-huk27/slurm-samples
SLURM_CPUS_ON_NODE = 1
SLURM_NTASKS = 
SLURM_TASK_PID = 34518
==========================================
hm007
